Namespace(align_suffix=None, alignfile=None, all_gather_list_size=16384, bf16=False, bpe=None, checkpoint_shard_count=1, checkpoint_suffix='', cpu=False, criterion='cross_entropy', dataset_impl='mmap', destdir='/mnt/Machine-Translation/transformer/preprocess/gu/gu-en-bpe', empty_cache_freq=0, fp16=False, fp16_init_scale=128, fp16_no_flatten_grads=False, fp16_scale_tolerance=0.0, fp16_scale_window=None, joined_dictionary=False, log_format=None, log_interval=100, lr_scheduler='fixed', memory_efficient_bf16=False, memory_efficient_fp16=False, min_loss_scale=0.0001, model_parallel_size=1, no_progress_bar=False, nwordssrc=-1, nwordstgt=-1, only_source=False, optimizer=None, padding_factor=8, profile=False, quantization_config_path=None, scoring='bleu', seed=1, source_lang='gu_IN', srcdict=None, target_lang='en_XX', task='translation', tensorboard_logdir=None, testpref='/mnt/Machine-Translation/transformer/preprocess/gu/test.spm', tgtdict=None, threshold_loss_scale=None, thresholdsrc=0, thresholdtgt=0, tokenizer=None, tpu=False, trainpref='/mnt/Machine-Translation/transformer/preprocess/gu/train.spm', user_dir=None, validpref='/mnt/Machine-Translation/transformer/preprocess/gu/valid.spm', workers=70)
[gu_IN] Dictionary: 1592 types
[gu_IN] /mnt/Machine-Translation/transformer/preprocess/gu/train.spm.gu_IN: 7264 sents, 45741 tokens, 0.0% replaced by <unk>
[gu_IN] Dictionary: 1592 types
[gu_IN] /mnt/Machine-Translation/transformer/preprocess/gu/valid.spm.gu_IN: 908 sents, 5636 tokens, 0.532% replaced by <unk>
[gu_IN] Dictionary: 1592 types
[gu_IN] /mnt/Machine-Translation/transformer/preprocess/gu/test.spm.gu_IN: 908 sents, 5664 tokens, 0.583% replaced by <unk>
[en_XX] Dictionary: 5728 types
[en_XX] /mnt/Machine-Translation/transformer/preprocess/gu/train.spm.en_XX: 7264 sents, 33778 tokens, 0.0% replaced by <unk>
[en_XX] Dictionary: 5728 types
Namespace(align_suffix=None, alignfile=None, all_gather_list_size=16384, bf16=False, bpe=None, checkpoint_shard_count=1, checkpoint_suffix='', cpu=False, criterion='cross_entropy', dataset_impl='mmap', destdir='/mnt/Machine-Translation/transformer/preprocess/gu/gu-en-bpe', empty_cache_freq=0, fp16=False, fp16_init_scale=128, fp16_no_flatten_grads=False, fp16_scale_tolerance=0.0, fp16_scale_window=None, joined_dictionary=False, log_format=None, log_interval=100, lr_scheduler='fixed', memory_efficient_bf16=False, memory_efficient_fp16=False, min_loss_scale=0.0001, model_parallel_size=1, no_progress_bar=False, nwordssrc=-1, nwordstgt=-1, only_source=False, optimizer=None, padding_factor=8, profile=False, quantization_config_path=None, scoring='bleu', seed=1, source_lang='gu_IN', srcdict='/mnt/mbart.cc25.v2/dict.txt', target_lang='en_XX', task='translation', tensorboard_logdir=None, testpref='/mnt/Machine-Translation/transformer/preprocess/gu/test.spm', tgtdict='/mnt/mbart.cc25.v2/dict.txt', threshold_loss_scale=None, thresholdsrc=0, thresholdtgt=0, tokenizer=None, tpu=False, trainpref='/mnt/Machine-Translation/transformer/preprocess/gu/train.spm', user_dir=None, validpref='/mnt/Machine-Translation/transformer/preprocess/gu/valid.spm', workers=70)
[gu_IN] Dictionary: 250001 types
[gu_IN] /mnt/Machine-Translation/transformer/preprocess/gu/train.spm.gu_IN: 7264 sents, 45741 tokens, 0.0% replaced by <unk>
[gu_IN] Dictionary: 250001 types
[gu_IN] /mnt/Machine-Translation/transformer/preprocess/gu/valid.spm.gu_IN: 908 sents, 5636 tokens, 0.0% replaced by <unk>
[gu_IN] Dictionary: 250001 types
[gu_IN] /mnt/Machine-Translation/transformer/preprocess/gu/test.spm.gu_IN: 908 sents, 5664 tokens, 0.0% replaced by <unk>
[en_XX] Dictionary: 250001 types
[en_XX] /mnt/Machine-Translation/transformer/preprocess/gu/train.spm.en_XX: 7264 sents, 33778 tokens, 0.0% replaced by <unk>
[en_XX] Dictionary: 250001 types
[en_XX] /mnt/Machine-Translation/transformer/preprocess/gu/valid.spm.en_XX: 908 sents, 4175 tokens, 0.0% replaced by <unk>
[en_XX] Dictionary: 250001 types
[en_XX] /mnt/Machine-Translation/transformer/preprocess/gu/test.spm.en_XX: 908 sents, 4219 tokens, 0.0% replaced by <unk>
Wrote preprocessed data to /mnt/Machine-Translation/transformer/preprocess/gu/gu-en-bpe
